[0.008s] Invoking command in '/home/ws/build/my_package': /usr/bin/cmake /home/ws/src/my_package -DCMAKE_INSTALL_PREFIX=/home/ws/install/my_package
[0.040s] -- The C compiler identification is GNU 9.4.0
[0.070s] -- The CXX compiler identification is GNU 9.4.0
[0.073s] -- Check for working C compiler: /usr/bin/cc
[0.111s] -- Check for working C compiler: /usr/bin/cc -- works
[0.111s] -- Detecting C compiler ABI info
[0.149s] -- Detecting C compiler ABI info - done
[0.155s] -- Detecting C compile features
[0.155s] -- Detecting C compile features - done
[0.157s] -- Check for working CXX compiler: /usr/bin/c++
[0.200s] -- Check for working CXX compiler: /usr/bin/c++ -- works
[0.201s] -- Detecting CXX compiler ABI info
[0.246s] -- Detecting CXX compiler ABI info - done
[0.252s] -- Detecting CXX compile features
[0.252s] -- Detecting CXX compile features - done
[0.259s] CMake Error at CMakeLists.txt:9 (find_package):
[0.260s]   By not providing "Findament_cmake.cmake" in CMAKE_MODULE_PATH this project
[0.260s]   has asked CMake to find a package configuration file provided by
[0.260s]   "ament_cmake", but CMake did not find one.
[0.260s] 
[0.260s]   Could not find a package configuration file provided by "ament_cmake" with
[0.260s]   any of the following names:
[0.260s] 
[0.260s]     ament_cmakeConfig.cmake
[0.260s]     ament_cmake-config.cmake
[0.260s] 
[0.260s]   Add the installation prefix of "ament_cmake" to CMAKE_PREFIX_PATH or set
[0.260s]   "ament_cmake_DIR" to a directory containing one of the above files.  If
[0.260s]   "ament_cmake" provides a separate development package or SDK, be sure it
[0.260s]   has been installed.
[0.260s] 
[0.260s] 
[0.260s] -- Configuring incomplete, errors occurred!
[0.260s] See also "/home/ws/build/my_package/CMakeFiles/CMakeOutput.log".
[0.263s] Invoked command in '/home/ws/build/my_package' returned '1': /usr/bin/cmake /home/ws/src/my_package -DCMAKE_INSTALL_PREFIX=/home/ws/install/my_package
