-- Found ament_cmake: 0.9.11 (/opt/ros/foxy/share/ament_cmake/cmake)
-- Found PythonInterp: /usr/bin/python3 (found suitable version "3.8.10", minimum required is "3") 
-- Using PYTHON_EXECUTABLE: /usr/bin/python3
-- Found ament_lint_auto: 0.9.7 (/opt/ros/foxy/share/ament_lint_auto/cmake)
-- Added test 'cppcheck' to perform static code analysis on C / C++ code
-- Configured cppcheck include dirs: $<BUILD_INTERFACE:/home/ws/src/my_package/include>
-- Configured cppcheck exclude dirs and/or files: 
-- Added test 'lint_cmake' to check CMake code style
-- Added test 'uncrustify' to check C / C++ code style
-- Configured uncrustify additional arguments: 
-- Added test 'xmllint' to check XML markup files
-- Configuring done
-- Generating done
-- Build files have been written to: /home/ws/build/my_package
[35m[1mScanning dependencies of target my_node[0m
[ 50%] [32mBuilding CXX object CMakeFiles/my_node.dir/src/my_node.cpp.o[0m
[100%] [32m[1mLinking CXX executable my_node[0m
[100%] Built target my_node
-- Install configuration: ""
-- Installing: /home/ws/install/my_package/lib/my_package/my_node
-- Installing: /home/ws/install/my_package/share/ament_index/resource_index/package_run_dependencies/my_package
-- Installing: /home/ws/install/my_package/share/ament_index/resource_index/parent_prefix_path/my_package
-- Installing: /home/ws/install/my_package/share/my_package/environment/ament_prefix_path.sh
-- Installing: /home/ws/install/my_package/share/my_package/environment/ament_prefix_path.dsv
-- Installing: /home/ws/install/my_package/share/my_package/environment/path.sh
-- Installing: /home/ws/install/my_package/share/my_package/environment/path.dsv
-- Installing: /home/ws/install/my_package/share/my_package/local_setup.bash
-- Installing: /home/ws/install/my_package/share/my_package/local_setup.sh
-- Installing: /home/ws/install/my_package/share/my_package/local_setup.zsh
-- Installing: /home/ws/install/my_package/share/my_package/local_setup.dsv
-- Installing: /home/ws/install/my_package/share/my_package/package.dsv
-- Installing: /home/ws/install/my_package/share/ament_index/resource_index/packages/my_package
-- Installing: /home/ws/install/my_package/share/my_package/cmake/my_packageConfig.cmake
-- Installing: /home/ws/install/my_package/share/my_package/cmake/my_packageConfig-version.cmake
-- Installing: /home/ws/install/my_package/share/my_package/package.xml
