[0.015s] Invoking command in '/home/ws/build/my_package': CMAKE_PREFIX_PATH=/opt/ros/foxy /usr/bin/cmake /home/ws/src/my_package -DCMAKE_INSTALL_PREFIX=/home/ws/install/my_package
[0.027s] -- Found ament_cmake: 0.9.11 (/opt/ros/foxy/share/ament_cmake/cmake)
[0.044s] -- Found PythonInterp: /usr/bin/python3 (found suitable version "3.8.10", minimum required is "3") 
[0.044s] -- Using PYTHON_EXECUTABLE: /usr/bin/python3
[0.138s] -- Found ament_lint_auto: 0.9.7 (/opt/ros/foxy/share/ament_lint_auto/cmake)
[0.183s] -- Added test 'cppcheck' to perform static code analysis on C / C++ code
[0.183s] -- Configured cppcheck include dirs: $<BUILD_INTERFACE:/home/ws/src/my_package/include>
[0.183s] -- Configured cppcheck exclude dirs and/or files: 
[0.184s] -- Added test 'lint_cmake' to check CMake code style
[0.185s] -- Added test 'uncrustify' to check C / C++ code style
[0.185s] -- Configured uncrustify additional arguments: 
[0.185s] -- Added test 'xmllint' to check XML markup files
[0.186s] -- Configuring done
[0.188s] -- Generating done
[0.189s] -- Build files have been written to: /home/ws/build/my_package
[0.190s] Invoked command in '/home/ws/build/my_package' returned '0': CMAKE_PREFIX_PATH=/opt/ros/foxy /usr/bin/cmake /home/ws/src/my_package -DCMAKE_INSTALL_PREFIX=/home/ws/install/my_package
[0.193s] Invoking command in '/home/ws/build/my_package': CMAKE_PREFIX_PATH=/opt/ros/foxy /usr/bin/cmake --build /home/ws/build/my_package -- -j20 -l20
[0.214s] [35m[1mScanning dependencies of target my_node[0m
[0.219s] [ 50%] [32mBuilding CXX object CMakeFiles/my_node.dir/src/my_node.cpp.o[0m
[0.242s] [100%] [32m[1mLinking CXX executable my_node[0m
[0.268s] [100%] Built target my_node
[0.274s] Invoked command in '/home/ws/build/my_package' returned '0': CMAKE_PREFIX_PATH=/opt/ros/foxy /usr/bin/cmake --build /home/ws/build/my_package -- -j20 -l20
[0.296s] Invoking command in '/home/ws/build/my_package': CMAKE_PREFIX_PATH=/opt/ros/foxy /usr/bin/cmake --install /home/ws/build/my_package
[0.300s] -- Install configuration: ""
[0.300s] -- Installing: /home/ws/install/my_package/lib/my_package/my_node
[0.301s] -- Installing: /home/ws/install/my_package/share/ament_index/resource_index/package_run_dependencies/my_package
[0.301s] -- Installing: /home/ws/install/my_package/share/ament_index/resource_index/parent_prefix_path/my_package
[0.301s] -- Installing: /home/ws/install/my_package/share/my_package/environment/ament_prefix_path.sh
[0.301s] -- Installing: /home/ws/install/my_package/share/my_package/environment/ament_prefix_path.dsv
[0.301s] -- Installing: /home/ws/install/my_package/share/my_package/environment/path.sh
[0.301s] -- Installing: /home/ws/install/my_package/share/my_package/environment/path.dsv
[0.301s] -- Installing: /home/ws/install/my_package/share/my_package/local_setup.bash
[0.301s] -- Installing: /home/ws/install/my_package/share/my_package/local_setup.sh
[0.301s] -- Installing: /home/ws/install/my_package/share/my_package/local_setup.zsh
[0.301s] -- Installing: /home/ws/install/my_package/share/my_package/local_setup.dsv
[0.301s] -- Installing: /home/ws/install/my_package/share/my_package/package.dsv
[0.301s] -- Installing: /home/ws/install/my_package/share/ament_index/resource_index/packages/my_package
[0.301s] -- Installing: /home/ws/install/my_package/share/my_package/cmake/my_packageConfig.cmake
[0.301s] -- Installing: /home/ws/install/my_package/share/my_package/cmake/my_packageConfig-version.cmake
[0.301s] -- Installing: /home/ws/install/my_package/share/my_package/package.xml
[0.303s] Invoked command in '/home/ws/build/my_package' returned '0': CMAKE_PREFIX_PATH=/opt/ros/foxy /usr/bin/cmake --install /home/ws/build/my_package
